<?xml version="1.0" encoding="UTF-8"?>
<!-- Generated by org.testng.reporters.JUnitReportReporter -->
<testsuite hostname="LAPTOP-J8JOLEM1" failures="0" tests="5" name="practice.Sample" time="0.019" errors="0" timestamp="2023-03-22T01:28:26 CDT" skipped="0">
  <testcase classname="practice.Sample" name="modifyContact" time="0.004"/>
  <system-out/>
  <testcase classname="practice.Sample" name="deleteContact" time="0.002"/>
  <system-out/>
  <testcase classname="practice.Sample" name="createContact" time="0.006"/>
  <system-out/>
  <testcase classname="practice.Sample" name="modifyContact" time="0.004"/>
  <system-out/>
  <testcase classname="practice.Sample" name="modifyContact" time="0.003"/>
  <system-out/>
</testsuite> <!-- practice.Sample -->
