<?xml version="1.0" encoding="UTF-8"?>
<!-- Generated by org.testng.reporters.JUnitReportReporter -->
<testsuite hostname="LAPTOP-J8JOLEM1" failures="0" tests="3" name="sample.DataProviderExample" time="0.009" errors="0" timestamp="2023-03-22T01:28:26 CDT" skipped="0">
  <testcase classname="sample.DataProviderExample" name="bookTickets" time="0.002"/>
  <system-out/>
  <testcase classname="sample.DataProviderExample" name="bookTickets" time="0.002"/>
  <system-out/>
  <testcase classname="sample.DataProviderExample" name="bookTickets" time="0.005"/>
  <system-out/>
</testsuite> <!-- sample.DataProviderExample -->
