<?xml version="1.0" encoding="UTF-8"?>
<!-- Generated by org.testng.reporters.JUnitReportReporter -->
<testsuite hostname="LAPTOP-J8JOLEM1" failures="0" tests="1" name="practice.Browser" time="14.700" errors="0" timestamp="2023-03-22T01:44:02 CDT" skipped="0">
  <testcase classname="practice.Browser" name="Browser" time="14.700"/>
  <system-out/>
</testsuite> <!-- practice.Browser -->
