<?xml version="1.0" encoding="UTF-8"?>
<!-- Generated by org.testng.reporters.JUnitReportReporter -->
<testsuite hostname="LAPTOP-J8JOLEM1" failures="0" tests="3" name="practice.DataProviderExample" time="0.014" errors="0" timestamp="2023-03-22T01:28:26 CDT" skipped="0">
  <testcase classname="practice.DataProviderExample" name="bookTickets" time="0.004"/>
  <system-out/>
  <testcase classname="practice.DataProviderExample" name="bookTickets" time="0.002"/>
  <system-out/>
  <testcase classname="practice.DataProviderExample" name="bookTickets" time="0.008"/>
  <system-out/>
</testsuite> <!-- practice.DataProviderExample -->
